<?xml version="1.0" encoding="UTF-8"?>
<!-- Generated by org.testng.reporters.JUnitReportReporter -->
<testsuite hostname="DESKTOP-FFU7TCQ" failures="0" tests="1" name="testCases.TC001_AccountRegistrationTest" time="3.007" errors="0" timestamp="2025-02-26T09:34:58 IST" skipped="0">
  <testcase classname="testCases.TC001_AccountRegistrationTest" name="verify_account_registration" time="3.007"/>
  <system-out/>
</testsuite> <!-- testCases.TC001_AccountRegistrationTest -->
