<?xml version="1.0" encoding="UTF-8"?>
<!-- Generated by org.testng.reporters.JUnitReportReporter -->
<testsuite hostname="DESKTOP-FFU7TCQ" failures="0" tests="1" name="testCases.TC002_LoginTest" time="1.737" errors="0" timestamp="2025-02-26T09:30:57 IST" skipped="0">
  <testcase classname="testCases.TC002_LoginTest" name="verify_login" time="1.737"/>
  <system-out/>
</testsuite> <!-- testCases.TC002_LoginTest -->
